# JRE version: OpenJDK Runtime Environment (8.0_152-b02) (build 1.8.0_152-release-1024-b02)
# Java VM: OpenJDK 64-Bit Server VM (25.152-b02 mixed mode windows-amd64 compressed oops)
Heap:
 PSYoungGen      total 497664K, used 18726K [0x00000000e0000000, 0x0000000100000000, 0x0000000100000000)
  eden space 473600K, 3% used [0x00000000e0000000,0x00000000e0e63fe0,0x00000000fce80000)
  from space 24064K, 16% used [0x00000000fe600000,0x00000000fe9e5a20,0x00000000ffd80000)
  to   space 24064K, 0% used [0x00000000fce80000,0x00000000fce80000,0x00000000fe600000)
 ParOldGen       total 126464K, used 110705K [0x00000000a0000000, 0x00000000a7b80000, 0x00000000e0000000)
  object space 126464K, 87% used [0x00000000a0000000,0x00000000a6c1c598,0x00000000a7b80000)
 Metaspace       used 87222K, capacity 93704K, committed 93824K, reserved 1130496K
  class space    used 10691K, capacity 11789K, committed 11904K, reserved 1048576K
GC Heap History (10 events):
Event: 19447.010 GC heap before
{Heap before GC invocations=107 (full 5):
 PSYoungGen      total 499200K, used 482721K [0x00000000e0000000, 0x00000000ffe80000, 0x0000000100000000)
  eden space 475136K, 100% used [0x00000000e0000000,0x00000000fd000000,0x00000000fd000000)
  from space 24064K, 31% used [0x00000000fd000000,0x00000000fd768590,0x00000000fe780000)
  to   space 23040K, 0% used [0x00000000fe800000,0x00000000fe800000,0x00000000ffe80000)
 ParOldGen       total 126464K, used 97461K [0x00000000a0000000, 0x00000000a7b80000, 0x00000000e0000000)
  object space 126464K, 77% used [0x00000000a0000000,0x00000000a5f2d660,0x00000000a7b80000)
 Metaspace       used 86816K, capacity 92840K, committed 93184K, reserved 1130496K
  class space    used 10625K, capacity 11667K, committed 11776K, reserved 1048576K
Event: 19448.617 GC heap after
Heap after GC invocations=107 (full 5):
 PSYoungGen      total 496128K, used 20437K [0x00000000e0000000, 0x0000000100000000, 0x0000000100000000)
  eden space 473088K, 0% used [0x00000000e0000000,0x00000000e0000000,0x00000000fce00000)
  from space 23040K, 88% used [0x00000000fe800000,0x00000000ffbf5748,0x00000000ffe80000)
  to   space 25600K, 0% used [0x00000000fce00000,0x00000000fce00000,0x00000000fe700000)
 ParOldGen       total 126464K, used 101864K [0x00000000a0000000, 0x00000000a7b80000, 0x00000000e0000000)
  object space 126464K, 80% used [0x00000000a0000000,0x00000000a637a120,0x00000000a7b80000)
 Metaspace       used 86816K, capacity 92840K, committed 93184K, reserved 1130496K
  class space    used 10625K, capacity 11667K, committed 11776K, reserved 1048576K
}
Event: 19495.168 GC heap before
{Heap before GC invocations=108 (full 5):
 PSYoungGen      total 496128K, used 492502K [0x00000000e0000000, 0x0000000100000000, 0x0000000100000000)
  eden space 473088K, 99% used [0x00000000e0000000,0x00000000fcd003e0,0x00000000fce00000)
  from space 23040K, 88% used [0x00000000fe800000,0x00000000ffbf5748,0x00000000ffe80000)
  to   space 25600K, 0% used [0x00000000fce00000,0x00000000fce00000,0x00000000fe700000)
 ParOldGen       total 126464K, used 101864K [0x00000000a0000000, 0x00000000a7b80000, 0x00000000e0000000)
  object space 126464K, 80% used [0x00000000a0000000,0x00000000a637a120,0x00000000a7b80000)
 Metaspace       used 86833K, capacity 92844K, committed 93184K, reserved 1130496K
  class space    used 10625K, capacity 11667K, committed 11776K, reserved 1048576K
Event: 19495.490 GC heap after
Heap after GC invocations=108 (full 5):
 PSYoungGen      total 498688K, used 5608K [0x00000000e0000000, 0x0000000100000000, 0x0000000100000000)
  eden space 473088K, 0% used [0x00000000e0000000,0x00000000e0000000,0x00000000fce00000)
  from space 25600K, 21% used [0x00000000fce00000,0x00000000fd37a1f0,0x00000000fe700000)
  to   space 25088K, 0% used [0x00000000fe780000,0x00000000fe780000,0x0000000100000000)
 ParOldGen       total 126464K, used 103432K [0x00000000a0000000, 0x00000000a7b80000, 0x00000000e0000000)
  object space 126464K, 81% used [0x00000000a0000000,0x00000000a6502120,0x00000000a7b80000)
 Metaspace       used 86833K, capacity 92844K, committed 93184K, reserved 1130496K
  class space    used 10625K, capacity 11667K, committed 11776K, reserved 1048576K
}
Event: 19672.069 GC heap before
{Heap before GC invocations=109 (full 5):
 PSYoungGen      total 498688K, used 478696K [0x00000000e0000000, 0x0000000100000000, 0x0000000100000000)
  eden space 473088K, 100% used [0x00000000e0000000,0x00000000fce00000,0x00000000fce00000)
  from space 25600K, 21% used [0x00000000fce00000,0x00000000fd37a1f0,0x00000000fe700000)
  to   space 25088K, 0% used [0x00000000fe780000,0x00000000fe780000,0x0000000100000000)
 ParOldGen       total 126464K, used 103432K [0x00000000a0000000, 0x00000000a7b80000, 0x00000000e0000000)
  object space 126464K, 81% used [0x00000000a0000000,0x00000000a6502120,0x00000000a7b80000)
 Metaspace       used 87197K, capacity 93704K, committed 93824K, reserved 1130496K
  class space    used 10691K, capacity 11789K, committed 11904K, reserved 1048576K
Event: 19672.521 GC heap after
Heap after GC invocations=109 (full 5):
 PSYoungGen      total 498176K, used 14992K [0x00000000e0000000, 0x0000000100000000, 0x0000000100000000)
  eden space 473088K, 0% used [0x00000000e0000000,0x00000000e0000000,0x00000000fce00000)
  from space 25088K, 59% used [0x00000000fe780000,0x00000000ff6240d0,0x0000000100000000)
  to   space 25600K, 0% used [0x00000000fce00000,0x00000000fce00000,0x00000000fe700000)
 ParOldGen       total 126464K, used 103760K [0x00000000a0000000, 0x00000000a7b80000, 0x00000000e0000000)
  object space 126464K, 82% used [0x00000000a0000000,0x00000000a6554180,0x00000000a7b80000)
 Metaspace       used 87197K, capacity 93704K, committed 93824K, reserved 1130496K
  class space    used 10691K, capacity 11789K, committed 11904K, reserved 1048576K
}
Event: 19730.724 GC heap before
{Heap before GC invocations=110 (full 5):
 PSYoungGen      total 498176K, used 487416K [0x00000000e0000000, 0x0000000100000000, 0x0000000100000000)
  eden space 473088K, 99% used [0x00000000e0000000,0x00000000fcd5a188,0x00000000fce00000)
  from space 25088K, 59% used [0x00000000fe780000,0x00000000ff6240d0,0x0000000100000000)
  to   space 25600K, 0% used [0x00000000fce00000,0x00000000fce00000,0x00000000fe700000)
 ParOldGen       total 126464K, used 103760K [0x00000000a0000000, 0x00000000a7b80000, 0x00000000e0000000)
  object space 126464K, 82% used [0x00000000a0000000,0x00000000a6554180,0x00000000a7b80000)
 Metaspace       used 87200K, capacity 93704K, committed 93824K, reserved 1130496K
  class space    used 10691K, capacity 11789K, committed 11904K, reserved 1048576K
Event: 19733.560 GC heap after
Heap after GC invocations=110 (full 5):
 PSYoungGen      total 484352K, used 10793K [0x00000000e0000000, 0x00000000ffd80000, 0x0000000100000000)
  eden space 473088K, 0% used [0x00000000e0000000,0x00000000e0000000,0x00000000fce00000)
  from space 11264K, 95% used [0x00000000fce00000,0x00000000fd88a768,0x00000000fd900000)
  to   space 24064K, 0% used [0x00000000fe600000,0x00000000fe600000,0x00000000ffd80000)
 ParOldGen       total 126464K, used 109665K [0x00000000a0000000, 0x00000000a7b80000, 0x00000000e0000000)
  object space 126464K, 86% used [0x00000000a0000000,0x00000000a6b18528,0x00000000a7b80000)
 Metaspace       used 87200K, capacity 93704K, committed 93824K, reserved 1130496K
  class space    used 10691K, capacity 11789K, committed 11904K, reserved 1048576K
}
Event: 19879.510 GC heap before
{Heap before GC invocations=111 (full 5):
 PSYoungGen      total 484352K, used 483881K [0x00000000e0000000, 0x00000000ffd80000, 0x0000000100000000)
  eden space 473088K, 99% used [0x00000000e0000000,0x00000000fcdfff58,0x00000000fce00000)
  from space 11264K, 95% used [0x00000000fce00000,0x00000000fd88a768,0x00000000fd900000)
  to   space 24064K, 0% used [0x00000000fe600000,0x00000000fe600000,0x00000000ffd80000)
 ParOldGen       total 126464K, used 109665K [0x00000000a0000000, 0x00000000a7b80000, 0x00000000e0000000)
  object space 126464K, 86% used [0x00000000a0000000,0x00000000a6b18528,0x00000000a7b80000)
 Metaspace       used 87210K, capacity 93704K, committed 93824K, reserved 1130496K
  class space    used 10691K, capacity 11789K, committed 11904K, reserved 1048576K
Event: 19880.766 GC heap after
Heap after GC invocations=111 (full 5):
 PSYoungGen      total 497664K, used 3990K [0x00000000e0000000, 0x0000000100000000, 0x0000000100000000)
  eden space 473600K, 0% used [0x00000000e0000000,0x00000000e0000000,0x00000000fce80000)
  from space 24064K, 16% used [0x00000000fe600000,0x00000000fe9e5a20,0x00000000ffd80000)
  to   space 24064K, 0% used [0x00000000fce80000,0x00000000fce80000,0x00000000fe600000)
 ParOldGen       total 126464K, used 110705K [0x00000000a0000000, 0x00000000a7b80000, 0x00000000e0000000)
  object space 126464K, 87% used [0x00000000a0000000,0x00000000a6c1c598,0x00000000a7b80000)
 Metaspace       used 87210K, capacity 93704K, committed 93824K, reserved 1130496K
  class space    used 10691K, capacity 11789K, committed 11904K, reserved 1048576K
}

